app/build/outputs/logs/manifest-merger-debug-report.txt
-- Merging decision tree log ---
manifest
ADDED from src\main\AndroidManifest.xml:2:1-42:12
	package
		ADDED from src\main\AndroidManifest.xml:3:5-49
		INJECTED from src\main\AndroidManifest.xml
		INJECTED from src\main\AndroidManifest.xml
	android:versionName
		INJECTED from src\main\AndroidManifest.xml
		INJECTED from src\main\AndroidManifest.xml
	xmlns:android
		ADDED from src\main\AndroidManifest.xml:2:11-69
	android:versionCode
		INJECTED from src\main\AndroidManifest.xml
		INJECTED from src\main\AndroidManifest.xml
application
ADDED from src\main\AndroidManifest.xml:5:5-40:19
MERGED from [com.android.support:design:23.0.1] AndroidManifest.xml:22:5-20
MERGED from [com.android.support:appcompat-v7:23.0.1] AndroidManifest.xml:22:5-20
MERGED from [com.android.support:support-v4:23.0.1] AndroidManifest.xml:22:5-20
	android:label
		ADDED from src\main\AndroidManifest.xml:8:9-41
	android:supportsRtl
		ADDED from src\main\AndroidManifest.xml:9:9-35
	android:allowBackup
		ADDED from src\main\AndroidManifest.xml:6:9-35
	android:icon
		ADDED from src\main\AndroidManifest.xml:7:9-43
	android:theme
		ADDED from src\main\AndroidManifest.xml:10:9-40
activity#com.example.android.timemanagement.activities.HomeTabActivity
ADDED from src\main\AndroidManifest.xml:11:9-17:20
	android:name
		ADDED from src\main\AndroidManifest.xml:11:19-61
intent-filter#android.intent.action.MAIN+android.intent.category.LAUNCHER
ADDED from src\main\AndroidManifest.xml:12:13-16:29
action#android.intent.action.MAIN
ADDED from src\main\AndroidManifest.xml:13:17-69
	android:name
		ADDED from src\main\AndroidManifest.xml:13:25-66
category#android.intent.category.LAUNCHER
ADDED from src\main\AndroidManifest.xml:15:17-77
	android:name
		ADDED from src\main\AndroidManifest.xml:15:27-74
activity#com.example.android.timemanagement.activities.TotalActivity
ADDED from src\main\AndroidManifest.xml:19:9-20:20
	android:name
		ADDED from src\main\AndroidManifest.xml:19:19-59
activity#com.example.android.timemanagement.activities.MainActivity
ADDED from src\main\AndroidManifest.xml:21:9-22:20
	android:name
		ADDED from src\main\AndroidManifest.xml:21:19-58
activity#com.example.android.timemanagement.activities.AddTaskActivity
ADDED from src\main\AndroidManifest.xml:24:9-31:20
	android:label
		ADDED from src\main\AndroidManifest.xml:26:13-51
	android:parentActivityName
		ADDED from src\main\AndroidManifest.xml:27:13-66
	android:name
		ADDED from src\main\AndroidManifest.xml:25:13-55
meta-data#android.support.PARENT_ACTIVITY
ADDED from src\main\AndroidManifest.xml:28:13-30:60
	android:value
		ADDED from src\main\AndroidManifest.xml:30:17-57
	android:name
		ADDED from src\main\AndroidManifest.xml:29:17-63
activity#com.example.android.timemanagement.activities.UpdateTaskActivity
ADDED from src\main\AndroidManifest.xml:32:9-39:20
	android:label
		ADDED from src\main\AndroidManifest.xml:34:13-54
	android:parentActivityName
		ADDED from src\main\AndroidManifest.xml:35:13-66
	android:name
		ADDED from src\main\AndroidManifest.xml:33:13-58
uses-sdk
INJECTED from src\main\AndroidManifest.xml reason: use-sdk injection requested
MERGED from [com.android.support:recyclerview-v7:23.0.1] AndroidManifest.xml:20:5-43
MERGED from [com.android.support:design:23.0.1] AndroidManifest.xml:20:5-43
MERGED from [com.android.support:appcompat-v7:23.0.1] AndroidManifest.xml:20:5-43
MERGED from [com.android.support:support-v4:23.0.1] AndroidManifest.xml:20:5-43
	android:targetSdkVersion
		INJECTED from src\main\AndroidManifest.xml
		INJECTED from src\main\AndroidManifest.xml
	android:minSdkVersion
		INJECTED from src\main\AndroidManifest.xml
		INJECTED from src\main\AndroidManifest.xml